<?xml version="1.0" encoding="UTF-8"?>
<!-- Generated by org.testng.reporters.JUnitReportReporter -->
<testsuite skipped="0" hostname="DESKTOP-HFP8OSQ" name="com.LoginTest.LoginTC_2" tests="2" failures="0" timestamp="2020-10-21T03:32:23 BDT" time="10.977" errors="0">
  <testcase name="login" time="5.602" classname="com.LoginTest.LoginTC_2"/>
  <system-out/>
  <testcase name="login" time="5.375" classname="com.LoginTest.LoginTC_2"/>
  <system-out/>
</testsuite> <!-- com.LoginTest.LoginTC_2 -->
