<?xml version="1.0" encoding="UTF-8"?>
<!-- Generated by org.testng.reporters.JUnitReportReporter -->
<testsuite skipped="0" hostname="DESKTOP-HFP8OSQ" name="com.Common.Base" tests="1" failures="0" timestamp="2020-10-21T01:44:50 BDT" time="6.592" errors="0">
  <testcase name="browser_Config" time="6.592" classname="com.Common.Base"/>
  <system-out/>
</testsuite> <!-- com.Common.Base -->
